[INFO] Scanning for projects...
[INFO]                                                                         
[INFO] ------------------------------------------------------------------------
[INFO] Building parent 1.0-SNAPSHOT
[INFO] ------------------------------------------------------------------------
[INFO] 
[INFO] --- maven-dependency-plugin:2.8:tree (default-cli) @ parent ---
[INFO] com-dubbo-wk:parent:jar:1.0-SNAPSHOT
[INFO] +- org.springframework:spring-core:jar:5.0.2.RELEASE:compile
[INFO] |  \- org.springframework:spring-jcl:jar:5.0.2.RELEASE:compile
[INFO] +- org.springframework:spring-web:jar:5.0.2.RELEASE:compile
[INFO] |  +- org.springframework:spring-beans:jar:5.0.2.RELEASE:compile
[INFO] |  |  \- (org.springframework:spring-core:jar:5.0.2.RELEASE:compile - omitted for duplicate)
[INFO] |  \- (org.springframework:spring-core:jar:5.0.2.RELEASE:compile - omitted for duplicate)
[INFO] +- org.springframework:spring-oxm:jar:5.0.2.RELEASE:compile
[INFO] +- org.springframework:spring-tx:jar:5.0.2.RELEASE:compile
[INFO] |  +- (org.springframework:spring-beans:jar:5.0.2.RELEASE:compile - omitted for duplicate)
[INFO] |  \- (org.springframework:spring-core:jar:5.0.2.RELEASE:compile - omitted for duplicate)
[INFO] +- org.springframework:spring-jdbc:jar:5.0.2.RELEASE:compile
[INFO] |  +- (org.springframework:spring-beans:jar:5.0.2.RELEASE:compile - omitted for duplicate)
[INFO] |  +- (org.springframework:spring-core:jar:5.0.2.RELEASE:compile - omitted for duplicate)
[INFO] |  \- (org.springframework:spring-tx:jar:5.0.2.RELEASE:compile - omitted for duplicate)
[INFO] +- org.springframework:spring-webmvc:jar:5.0.2.RELEASE:compile
[INFO] |  +- (org.springframework:spring-aop:jar:5.0.2.RELEASE:compile - omitted for duplicate)
[INFO] |  +- (org.springframework:spring-beans:jar:5.0.2.RELEASE:compile - omitted for duplicate)
[INFO] |  +- (org.springframework:spring-context:jar:5.0.2.RELEASE:compile - omitted for duplicate)
[INFO] |  +- (org.springframework:spring-core:jar:5.0.2.RELEASE:compile - omitted for duplicate)
[INFO] |  +- org.springframework:spring-expression:jar:5.0.2.RELEASE:compile
[INFO] |  |  \- (org.springframework:spring-core:jar:5.0.2.RELEASE:compile - omitted for duplicate)
[INFO] |  \- (org.springframework:spring-web:jar:5.0.2.RELEASE:compile - omitted for duplicate)
[INFO] +- org.springframework:spring-context:jar:5.0.2.RELEASE:compile
[INFO] |  +- (org.springframework:spring-aop:jar:5.0.2.RELEASE:compile - omitted for duplicate)
[INFO] |  +- (org.springframework:spring-beans:jar:5.0.2.RELEASE:compile - omitted for duplicate)
[INFO] |  +- (org.springframework:spring-core:jar:5.0.2.RELEASE:compile - omitted for duplicate)
[INFO] |  \- (org.springframework:spring-expression:jar:5.0.2.RELEASE:compile - omitted for duplicate)
[INFO] +- org.springframework:spring-context-support:jar:5.0.2.RELEASE:compile
[INFO] |  +- (org.springframework:spring-beans:jar:5.0.2.RELEASE:compile - omitted for duplicate)
[INFO] |  +- (org.springframework:spring-context:jar:5.0.2.RELEASE:compile - omitted for duplicate)
[INFO] |  \- (org.springframework:spring-core:jar:5.0.2.RELEASE:compile - omitted for duplicate)
[INFO] +- org.springframework:spring-aop:jar:5.0.2.RELEASE:compile
[INFO] |  +- (org.springframework:spring-beans:jar:5.0.2.RELEASE:compile - omitted for duplicate)
[INFO] |  \- (org.springframework:spring-core:jar:5.0.2.RELEASE:compile - omitted for duplicate)
[INFO] +- org.springframework:spring-test:jar:5.0.2.RELEASE:test
[INFO] +- com.fasterxml.jackson.core:jackson-databind:jar:2.9.5:compile
[INFO] |  +- com.fasterxml.jackson.core:jackson-annotations:jar:2.9.0:compile
[INFO] |  \- com.fasterxml.jackson.core:jackson-core:jar:2.9.5:compile
[INFO] +- mysql:mysql-connector-java:jar:6.0.6:compile
[INFO] +- org.mybatis:mybatis:jar:3.4.6:compile
[INFO] +- com.alibaba:druid:jar:1.1.9:compile
[INFO] \- org.mybatis:mybatis-spring:jar:1.3.2:compile
[INFO] ------------------------------------------------------------------------
[INFO] BUILD SUCCESS
[INFO] ------------------------------------------------------------------------
[INFO] Total time: 4.584 s
[INFO] Finished at: 2018-04-22T16:47:06+08:00
[INFO] Final Memory: 12M/225M
[INFO] ------------------------------------------------------------------------
